[26-Jun-2026 11:13:15 Europe/Lisbon] PHP Fatal error:  Uncaught Error: Call to undefined function fastcgi_finish_request() in C:\xampp\htdocs\MPP_3\tratar_encomendas.php:29
Stack trace:
#0 {main}
  thrown in C:\xampp\htdocs\MPP_3\tratar_encomendas.php on line 29
[26-Jun-2026 11:15:23 Europe/Lisbon] PHP Warning:  Cannot modify header information - headers already sent by (output started at C:\xampp\htdocs\MPP_3\tratar_encomendas.php:115) in C:\xampp\htdocs\MPP_3\tratar_encomendas.php on line 29
[26-Jun-2026 11:15:23 Europe/Lisbon] PHP Notice:  session_start(): Ignoring session_start() because a session is already active in C:\xampp\htdocs\MPP_3\enviar_email.php on line 2
[26-Jun-2026 11:15:23 Europe/Lisbon] PHP Warning:  Constant DB_HOST already defined in C:\xampp\htdocs\MPP_3\db_connect.php on line 5
[26-Jun-2026 11:15:23 Europe/Lisbon] PHP Warning:  Constant DB_USER already defined in C:\xampp\htdocs\MPP_3\db_connect.php on line 6
[26-Jun-2026 11:15:23 Europe/Lisbon] PHP Warning:  Constant DB_PASS already defined in C:\xampp\htdocs\MPP_3\db_connect.php on line 7
[26-Jun-2026 11:15:23 Europe/Lisbon] PHP Warning:  Constant DB_NAME already defined in C:\xampp\htdocs\MPP_3\db_connect.php on line 8
[26-Jun-2026 11:15:23 Europe/Lisbon] PHP Warning:  Constant DB_CHARSET already defined in C:\xampp\htdocs\MPP_3\db_connect.php on line 9
[26-Jun-2026 11:15:23 Europe/Lisbon] PHP Warning:  Undefined array key "encomenda" in C:\xampp\htdocs\MPP_3\enviar_email.php on line 13
[26-Jun-2026 11:15:23 Europe/Lisbon] PHP Warning:  Undefined array key "tipo_email" in C:\xampp\htdocs\MPP_3\enviar_email.php on line 15
[26-Jun-2026 11:16:10 Europe/Lisbon] PHP Warning:  Cannot modify header information - headers already sent by (output started at C:\xampp\htdocs\MPP_3\tratar_encomendas.php:115) in C:\xampp\htdocs\MPP_3\tratar_encomendas.php on line 29
[26-Jun-2026 11:16:10 Europe/Lisbon] PHP Notice:  session_start(): Ignoring session_start() because a session is already active in C:\xampp\htdocs\MPP_3\enviar_email.php on line 2
[26-Jun-2026 11:16:10 Europe/Lisbon] PHP Warning:  Constant DB_HOST already defined in C:\xampp\htdocs\MPP_3\db_connect.php on line 5
[26-Jun-2026 11:16:10 Europe/Lisbon] PHP Warning:  Constant DB_USER already defined in C:\xampp\htdocs\MPP_3\db_connect.php on line 6
[26-Jun-2026 11:16:10 Europe/Lisbon] PHP Warning:  Constant DB_PASS already defined in C:\xampp\htdocs\MPP_3\db_connect.php on line 7
[26-Jun-2026 11:16:10 Europe/Lisbon] PHP Warning:  Constant DB_NAME already defined in C:\xampp\htdocs\MPP_3\db_connect.php on line 8
[26-Jun-2026 11:16:10 Europe/Lisbon] PHP Warning:  Constant DB_CHARSET already defined in C:\xampp\htdocs\MPP_3\db_connect.php on line 9
[26-Jun-2026 11:16:10 Europe/Lisbon] PHP Warning:  Undefined array key "encomenda" in C:\xampp\htdocs\MPP_3\enviar_email.php on line 13
[26-Jun-2026 11:16:10 Europe/Lisbon] PHP Warning:  Undefined array key "tipo_email" in C:\xampp\htdocs\MPP_3\enviar_email.php on line 15
[26-Jun-2026 11:21:20 Europe/Lisbon] PHP Warning:  Cannot modify header information - headers already sent by (output started at C:\xampp\htdocs\MPP_3\tratar_encomendas.php:128) in C:\xampp\htdocs\MPP_3\tratar_encomendas.php on line 30
[26-Jun-2026 11:21:20 Europe/Lisbon] PHP Notice:  session_start(): Ignoring session_start() because a session is already active in C:\xampp\htdocs\MPP_3\enviar_email.php on line 2
[26-Jun-2026 11:21:20 Europe/Lisbon] PHP Warning:  Constant DB_HOST already defined in C:\xampp\htdocs\MPP_3\db_connect.php on line 5
[26-Jun-2026 11:21:20 Europe/Lisbon] PHP Warning:  Constant DB_USER already defined in C:\xampp\htdocs\MPP_3\db_connect.php on line 6
[26-Jun-2026 11:21:20 Europe/Lisbon] PHP Warning:  Constant DB_PASS already defined in C:\xampp\htdocs\MPP_3\db_connect.php on line 7
[26-Jun-2026 11:21:20 Europe/Lisbon] PHP Warning:  Constant DB_NAME already defined in C:\xampp\htdocs\MPP_3\db_connect.php on line 8
[26-Jun-2026 11:21:20 Europe/Lisbon] PHP Warning:  Constant DB_CHARSET already defined in C:\xampp\htdocs\MPP_3\db_connect.php on line 9
[26-Jun-2026 11:21:20 Europe/Lisbon] PHP Warning:  Undefined array key "encomenda" in C:\xampp\htdocs\MPP_3\enviar_email.php on line 13
[26-Jun-2026 11:21:20 Europe/Lisbon] PHP Warning:  Undefined array key "tipo_email" in C:\xampp\htdocs\MPP_3\enviar_email.php on line 15
[26-Jun-2026 11:27:17 Europe/Lisbon] PHP Warning:  Cannot modify header information - headers already sent by (output started at C:\xampp\htdocs\MPP_3\tratar_encomendas.php:128) in C:\xampp\htdocs\MPP_3\tratar_encomendas.php on line 30
[26-Jun-2026 11:27:17 Europe/Lisbon] PHP Notice:  session_start(): Ignoring session_start() because a session is already active in C:\xampp\htdocs\MPP_3\enviar_email.php on line 2
[26-Jun-2026 11:27:17 Europe/Lisbon] PHP Warning:  Constant DB_HOST already defined in C:\xampp\htdocs\MPP_3\db_connect.php on line 5
[26-Jun-2026 11:27:17 Europe/Lisbon] PHP Warning:  Constant DB_USER already defined in C:\xampp\htdocs\MPP_3\db_connect.php on line 6
[26-Jun-2026 11:27:17 Europe/Lisbon] PHP Warning:  Constant DB_PASS already defined in C:\xampp\htdocs\MPP_3\db_connect.php on line 7
[26-Jun-2026 11:27:17 Europe/Lisbon] PHP Warning:  Constant DB_NAME already defined in C:\xampp\htdocs\MPP_3\db_connect.php on line 8
[26-Jun-2026 11:27:17 Europe/Lisbon] PHP Warning:  Constant DB_CHARSET already defined in C:\xampp\htdocs\MPP_3\db_connect.php on line 9
[26-Jun-2026 11:27:17 Europe/Lisbon] PHP Warning:  Undefined array key "encomenda" in C:\xampp\htdocs\MPP_3\enviar_email.php on line 13
[26-Jun-2026 11:27:17 Europe/Lisbon] PHP Warning:  Undefined array key "tipo_email" in C:\xampp\htdocs\MPP_3\enviar_email.php on line 15
[26-Jun-2026 11:28:04 Europe/Lisbon] PHP Warning:  Cannot modify header information - headers already sent by (output started at C:\xampp\htdocs\MPP_3\tratar_encomendas.php:129) in C:\xampp\htdocs\MPP_3\tratar_encomendas.php on line 31
[26-Jun-2026 11:28:04 Europe/Lisbon] PHP Notice:  session_start(): Ignoring session_start() because a session is already active in C:\xampp\htdocs\MPP_3\enviar_email.php on line 2
[26-Jun-2026 11:28:04 Europe/Lisbon] PHP Warning:  Constant DB_HOST already defined in C:\xampp\htdocs\MPP_3\db_connect.php on line 5
[26-Jun-2026 11:28:04 Europe/Lisbon] PHP Warning:  Constant DB_USER already defined in C:\xampp\htdocs\MPP_3\db_connect.php on line 6
[26-Jun-2026 11:28:04 Europe/Lisbon] PHP Warning:  Constant DB_PASS already defined in C:\xampp\htdocs\MPP_3\db_connect.php on line 7
[26-Jun-2026 11:28:04 Europe/Lisbon] PHP Warning:  Constant DB_NAME already defined in C:\xampp\htdocs\MPP_3\db_connect.php on line 8
[26-Jun-2026 11:28:04 Europe/Lisbon] PHP Warning:  Constant DB_CHARSET already defined in C:\xampp\htdocs\MPP_3\db_connect.php on line 9
[26-Jun-2026 11:28:04 Europe/Lisbon] PHP Warning:  Undefined array key "encomenda" in C:\xampp\htdocs\MPP_3\enviar_email.php on line 13
[26-Jun-2026 11:28:04 Europe/Lisbon] PHP Warning:  Undefined array key "tipo_email" in C:\xampp\htdocs\MPP_3\enviar_email.php on line 15
[26-Jun-2026 11:37:42 Europe/Lisbon] PHP Warning:  Cannot modify header information - headers already sent by (output started at C:\xampp\htdocs\MPP_3\tratar_encomendas.php:129) in C:\xampp\htdocs\MPP_3\tratar_encomendas.php on line 31
[26-Jun-2026 11:37:42 Europe/Lisbon] PHP Notice:  session_start(): Ignoring session_start() because a session is already active in C:\xampp\htdocs\MPP_3\enviar_email.php on line 2
[26-Jun-2026 11:37:42 Europe/Lisbon] PHP Warning:  Constant DB_HOST already defined in C:\xampp\htdocs\MPP_3\db_connect.php on line 5
[26-Jun-2026 11:37:42 Europe/Lisbon] PHP Warning:  Constant DB_USER already defined in C:\xampp\htdocs\MPP_3\db_connect.php on line 6
[26-Jun-2026 11:37:42 Europe/Lisbon] PHP Warning:  Constant DB_PASS already defined in C:\xampp\htdocs\MPP_3\db_connect.php on line 7
[26-Jun-2026 11:37:42 Europe/Lisbon] PHP Warning:  Constant DB_NAME already defined in C:\xampp\htdocs\MPP_3\db_connect.php on line 8
[26-Jun-2026 11:37:42 Europe/Lisbon] PHP Warning:  Constant DB_CHARSET already defined in C:\xampp\htdocs\MPP_3\db_connect.php on line 9
[26-Jun-2026 11:37:42 Europe/Lisbon] JSON recebido em enviar_email.php: {"acao":"avisar"}
[26-Jun-2026 11:37:42 Europe/Lisbon] PHP Warning:  Undefined array key "encomenda" in C:\xampp\htdocs\MPP_3\enviar_email.php on line 15
[26-Jun-2026 11:37:42 Europe/Lisbon] PHP Warning:  Undefined array key "tipo_email" in C:\xampp\htdocs\MPP_3\enviar_email.php on line 17
[26-Jun-2026 11:52:02 Europe/Lisbon] PHP Warning:  Cannot modify header information - headers already sent by (output started at C:\xampp\htdocs\MPP_3\tratar_encomendas.php:129) in C:\xampp\htdocs\MPP_3\tratar_encomendas.php on line 31
[26-Jun-2026 11:52:02 Europe/Lisbon] PHP Notice:  session_start(): Ignoring session_start() because a session is already active in C:\xampp\htdocs\MPP_3\enviar_email.php on line 2
[26-Jun-2026 11:52:02 Europe/Lisbon] PHP Warning:  Constant DB_HOST already defined in C:\xampp\htdocs\MPP_3\db_connect.php on line 5
[26-Jun-2026 11:52:02 Europe/Lisbon] PHP Warning:  Constant DB_USER already defined in C:\xampp\htdocs\MPP_3\db_connect.php on line 6
[26-Jun-2026 11:52:02 Europe/Lisbon] PHP Warning:  Constant DB_PASS already defined in C:\xampp\htdocs\MPP_3\db_connect.php on line 7
[26-Jun-2026 11:52:02 Europe/Lisbon] PHP Warning:  Constant DB_NAME already defined in C:\xampp\htdocs\MPP_3\db_connect.php on line 8
[26-Jun-2026 11:52:02 Europe/Lisbon] PHP Warning:  Constant DB_CHARSET already defined in C:\xampp\htdocs\MPP_3\db_connect.php on line 9
[26-Jun-2026 11:52:02 Europe/Lisbon] PHP Warning:  Undefined array key "tipo_email" in C:\xampp\htdocs\MPP_3\enviar_email.php on line 15
[26-Jun-2026 12:04:40 Europe/Lisbon] PHP Warning:  Cannot modify header information - headers already sent by (output started at C:\xampp\htdocs\MPP_3\tratar_encomendas.php:129) in C:\xampp\htdocs\MPP_3\tratar_encomendas.php on line 31
[26-Jun-2026 12:04:40 Europe/Lisbon] PHP Notice:  session_start(): Ignoring session_start() because a session is already active in C:\xampp\htdocs\MPP_3\enviar_email.php on line 2
[26-Jun-2026 12:04:40 Europe/Lisbon] PHP Warning:  Constant DB_HOST already defined in C:\xampp\htdocs\MPP_3\db_connect.php on line 5
[26-Jun-2026 12:04:40 Europe/Lisbon] PHP Warning:  Constant DB_USER already defined in C:\xampp\htdocs\MPP_3\db_connect.php on line 6
[26-Jun-2026 12:04:40 Europe/Lisbon] PHP Warning:  Constant DB_PASS already defined in C:\xampp\htdocs\MPP_3\db_connect.php on line 7
[26-Jun-2026 12:04:40 Europe/Lisbon] PHP Warning:  Constant DB_NAME already defined in C:\xampp\htdocs\MPP_3\db_connect.php on line 8
[26-Jun-2026 12:04:40 Europe/Lisbon] PHP Warning:  Constant DB_CHARSET already defined in C:\xampp\htdocs\MPP_3\db_connect.php on line 9
[26-Jun-2026 12:04:40 Europe/Lisbon] PHP Warning:  Undefined array key "tipo_email" in C:\xampp\htdocs\MPP_3\enviar_email.php on line 15
